<?xml version="1.0" encoding="UTF-8"?>
<!-- Generated by org.testng.reporters.JUnitXMLReporter -->
<testsuite hostname="wks-samira-n" name="Test" tests="2" failures="1" timestamp="20 Jul 2016 11:30:53 GMT" time="118.982" errors="0">
  <testcase name="testVCP" time="67.225" classname="com.calsoft.nexenta.vcp.SikuliTest"/>
  <testcase name="testVCP" time="9.786" classname="com.calsoft.nexenta.vcp.SikuliTest">
    <failure type="java.lang.RuntimeException" message="java.lang.reflect.InvocationTargetException">
      <![CDATA[java.lang.RuntimeException: java.lang.reflect.InvocationTargetException
	at com.calsoft.nexenta.vcp.SikuliTestBase.handleException(SikuliTestBase.java:44)
	at com.calsoft.nexenta.vcp.SikuliTestBase.invokeMethodsInSequence(SikuliTestBase.java:36)
	at com.calsoft.nexenta.vcp.SikuliTestBase.invokeMethod(SikuliTestBase.java:26)
	at com.calsoft.nexenta.vcp.SikuliTest.testVCP(SikuliTest.java:72)
	at com.calsoft.nexenta.vcp.SikuliTestBase.invokeMethodsInSequence(SikuliTestBase.java:33)
	... 26 more
Caused by: java.lang.RuntimeException: Error occured while clicking on the element E:\Nexenta\updated_Source\SourceTree\Sikuli_Gui\sikuli/src/test/resources/Images/TestImages/AddNexentaConfig1.PNG because java.lang.RuntimeException: Expected image not found
	at com.calsoft.nexenta.vcp.SikuliTestMethods.click_Image(SikuliTestMethods.java:97)
	... 31 more
... Removed 29 stack frames]]>
    </failure>
  </testcase> <!-- testVCP -->
</testsuite> <!-- Test -->
